<?xml version="1.0" encoding="UTF-8"?>
<testsuite name="ScrabbleTest" tests="4" skipped="0" failures="0" errors="0" timestamp="2015-08-11T21:58:28" hostname="epicodus-112.local" time="0.003">
  <properties/>
  <testcase name="scrabbleScore_returnsAScrabbleScoreForALetter_1" classname="ScrabbleTest" time="0.001"/>
  <testcase name="scrabbleScore_returnsAScrabbleScoreForALetter_2" classname="ScrabbleTest" time="0.0"/>
  <testcase name="scrabbleScore_returnsAScrabbleScoreForALetter_3" classname="ScrabbleTest" time="0.0"/>
  <testcase name="scrabbleScore_returnsAScrabbleScoreForALetter_4" classname="ScrabbleTest" time="0.0"/>
  <system-out><![CDATA[]]></system-out>
  <system-err><![CDATA[]]></system-err>
</testsuite>
